This is pdfTeX, Version 3.14159265-2.6-1.40.15 (TeX Live 2014/Arch Linux) (preloaded format=pdflatex 2015.2.9)  13 FEB 2015 02:33
entering extended mode
 restricted \write18 enabled.
 %&-line parsing enabled.
**report_lab4.tex
(./report_lab4.tex
LaTeX2e <2014/05/01>
Babel <3.9k> and hyphenation patterns for 79 languages loaded.
(/usr/share/texmf-dist/tex/latex/base/report.cls
Document Class: report 2007/10/19 v1.4h Standard LaTeX document class
(/usr/share/texmf-dist/tex/latex/base/size10.clo
File: size10.clo 2007/10/19 v1.4h Standard LaTeX file (size option)
)
\c@part=\count79
\c@chapter=\count80
\c@section=\count81
\c@subsection=\count82
\c@subsubsection=\count83
\c@paragraph=\count84
\c@subparagraph=\count85
\c@figure=\count86
\c@table=\count87
\abovecaptionskip=\skip41
\belowcaptionskip=\skip42
\bibindent=\dimen102
)
(/usr/share/texmf-dist/tex/latex/base/fontenc.sty
Package: fontenc 2005/09/27 v1.99g Standard LaTeX package

(/usr/share/texmf-dist/tex/latex/base/t1enc.def
File: t1enc.def 2005/09/27 v1.99g Standard LaTeX file
LaTeX Font Info:    Redeclaring font encoding T1 on input line 43.
))
(/usr/share/texmf-dist/tex/latex/base/inputenc.sty
Package: inputenc 2014/04/30 v1.2b Input encoding file
\inpenc@prehook=\toks14
\inpenc@posthook=\toks15

(/usr/share/texmf-dist/tex/latex/base/latin9.def
File: latin9.def 2014/04/30 v1.2b Input encoding file
))
(/usr/share/texmf-dist/tex/latex/float/float.sty
Package: float 2001/11/08 v1.3d Float enhancements (AL)
\c@float@type=\count88
\float@exts=\toks16
\float@box=\box26
\@float@everytoks=\toks17
\@floatcapt=\box27
)
(/usr/share/texmf-dist/tex/latex/amsmath/amsmath.sty
Package: amsmath 2013/01/14 v2.14 AMS math features
\@mathmargin=\skip43

For additional information on amsmath, use the `?' option.
(/usr/share/texmf-dist/tex/latex/amsmath/amstext.sty
Package: amstext 2000/06/29 v2.01

(/usr/share/texmf-dist/tex/latex/amsmath/amsgen.sty
File: amsgen.sty 1999/11/30 v2.0
\@emptytoks=\toks18
\ex@=\dimen103
))
(/usr/share/texmf-dist/tex/latex/amsmath/amsbsy.sty
Package: amsbsy 1999/11/29 v1.2d
\pmbraise@=\dimen104
)
(/usr/share/texmf-dist/tex/latex/amsmath/amsopn.sty
Package: amsopn 1999/12/14 v2.01 operator names
)
\inf@bad=\count89
LaTeX Info: Redefining \frac on input line 210.
\uproot@=\count90
\leftroot@=\count91
LaTeX Info: Redefining \overline on input line 306.
\classnum@=\count92
\DOTSCASE@=\count93
LaTeX Info: Redefining \ldots on input line 378.
LaTeX Info: Redefining \dots on input line 381.
LaTeX Info: Redefining \cdots on input line 466.
\Mathstrutbox@=\box28
\strutbox@=\box29
\big@size=\dimen105
LaTeX Font Info:    Redeclaring font encoding OML on input line 566.
LaTeX Font Info:    Redeclaring font encoding OMS on input line 567.
\macc@depth=\count94
\c@MaxMatrixCols=\count95
\dotsspace@=\muskip10
\c@parentequation=\count96
\dspbrk@lvl=\count97
\tag@help=\toks19
\row@=\count98
\column@=\count99
\maxfields@=\count100
\andhelp@=\toks20
\eqnshift@=\dimen106
\alignsep@=\dimen107
\tagshift@=\dimen108
\tagwidth@=\dimen109
\totwidth@=\dimen110
\lineht@=\dimen111
\@envbody=\toks21
\multlinegap=\skip44
\multlinetaggap=\skip45
\mathdisplay@stack=\toks22
LaTeX Info: Redefining \[ on input line 2665.
LaTeX Info: Redefining \] on input line 2666.
)
(/usr/share/texmf-dist/tex/latex/graphics/graphicx.sty
Package: graphicx 2014/04/25 v1.0g Enhanced LaTeX Graphics (DPC,SPQR)

(/usr/share/texmf-dist/tex/latex/graphics/keyval.sty
Package: keyval 2014/05/08 v1.15 key=value parser (DPC)
\KV@toks@=\toks23
)
(/usr/share/texmf-dist/tex/latex/graphics/graphics.sty
Package: graphics 2009/02/05 v1.0o Standard LaTeX Graphics (DPC,SPQR)

(/usr/share/texmf-dist/tex/latex/graphics/trig.sty
Package: trig 1999/03/16 v1.09 sin cos tan (DPC)
)
(/usr/share/texmf-dist/tex/latex/latexconfig/graphics.cfg
File: graphics.cfg 2010/04/23 v1.9 graphics configuration of TeX Live
)
Package graphics Info: Driver file: pdftex.def on input line 91.

(/usr/share/texmf-dist/tex/latex/pdftex-def/pdftex.def
File: pdftex.def 2011/05/27 v0.06d Graphics/color for pdfTeX

(/usr/share/texmf-dist/tex/generic/oberdiek/infwarerr.sty
Package: infwarerr 2010/04/08 v1.3 Providing info/warning/error messages (HO)
)
(/usr/share/texmf-dist/tex/generic/oberdiek/ltxcmds.sty
Package: ltxcmds 2011/11/09 v1.22 LaTeX kernel commands for general use (HO)
)
\Gread@gobject=\count101
))
\Gin@req@height=\dimen112
\Gin@req@width=\dimen113
)
(/usr/share/texmf-dist/tex/latex/caption/caption.sty
Package: caption 2013/05/02 v3.3-89 Customizing captions (AR)

(/usr/share/texmf-dist/tex/latex/caption/caption3.sty
Package: caption3 2013/05/02 v1.6-88 caption3 kernel (AR)
Package caption3 Info: TeX engine: e-TeX on input line 57.
\captionmargin=\dimen114
\captionmargin@=\dimen115
\captionwidth=\dimen116
\caption@tempdima=\dimen117
\caption@indent=\dimen118
\caption@parindent=\dimen119
\caption@hangindent=\dimen120
)
\c@ContinuedFloat=\count102
Package caption Info: float package is loaded.
)
(/usr/share/texmf-dist/tex/generic/babel/babel.sty
Package: babel 2014/03/24 3.9k The Babel package

(/usr/share/texmf-dist/tex/generic/babel-italian/italian.ldf
Language: italian 2014/03/29 v1.3k Italian support from the babel system

(/usr/share/texmf-dist/tex/generic/babel/babel.def
File: babel.def 2014/03/24 3.9k Babel common definitions
\babel@savecnt=\count103
\U@D=\dimen121
)
\it@lettering=\count104
\it@doublequoteactive=\count105
\it@ISOcompliance=\count106
\Virgola=\count107
)
(/usr/share/texmf-dist/tex/generic/babel-english/english.ldf
Language: english 2012/08/20 v3.3p English support from the babel system
\l@canadian = a dialect from \language\l@american 
\l@australian = a dialect from \language\l@british 
\l@newzealand = a dialect from \language\l@british 
))
(/usr/share/texmf-dist/tex/latex/etoolbox/etoolbox.sty
Package: etoolbox 2011/01/03 v2.1 e-TeX tools for LaTeX

(/usr/share/texmf-dist/tex/latex/etex-pkg/etex.sty
Package: etex 1998/03/26 v2.0 eTeX basic definition package (PEB)
\et@xins=\count108
)
\etb@tempcnta=\count109
) (./report_lab4.aux
(./ass1.aux) (./ass2.aux) (./ass3.aux) (./ass4.aux))
\openout1 = `report_lab4.aux'.

LaTeX Font Info:    Checking defaults for OML/cmm/m/it on input line 19.
LaTeX Font Info:    ... okay on input line 19.
LaTeX Font Info:    Checking defaults for T1/cmr/m/n on input line 19.
LaTeX Font Info:    ... okay on input line 19.
LaTeX Font Info:    Checking defaults for OT1/cmr/m/n on input line 19.
LaTeX Font Info:    ... okay on input line 19.
LaTeX Font Info:    Checking defaults for OMS/cmsy/m/n on input line 19.
LaTeX Font Info:    ... okay on input line 19.
LaTeX Font Info:    Checking defaults for OMX/cmex/m/n on input line 19.
LaTeX Font Info:    ... okay on input line 19.
LaTeX Font Info:    Checking defaults for U/cmr/m/n on input line 19.
LaTeX Font Info:    ... okay on input line 19.

(/usr/share/texmf-dist/tex/context/base/supp-pdf.mkii
[Loading MPS to PDF converter (version 2006.09.02).]
\scratchcounter=\count110
\scratchdimen=\dimen122
\scratchbox=\box30
\nofMPsegments=\count111
\nofMParguments=\count112
\everyMPshowfont=\toks24
\MPscratchCnt=\count113
\MPscratchDim=\dimen123
\MPnumerator=\count114
\makeMPintoPDFobject=\count115
\everyMPtoPDFconversion=\toks25
) (/usr/share/texmf-dist/tex/generic/oberdiek/pdftexcmds.sty
Package: pdftexcmds 2011/11/29 v0.20 Utility functions of pdfTeX for LuaTeX (HO
)

(/usr/share/texmf-dist/tex/generic/oberdiek/ifluatex.sty
Package: ifluatex 2010/03/01 v1.3 Provides the ifluatex switch (HO)
Package ifluatex Info: LuaTeX not detected.
)
(/usr/share/texmf-dist/tex/generic/oberdiek/ifpdf.sty
Package: ifpdf 2011/01/30 v2.3 Provides the ifpdf switch (HO)
Package ifpdf Info: pdfTeX in PDF mode is detected.
)
Package pdftexcmds Info: LuaTeX not detected.
Package pdftexcmds Info: \pdf@primitive is available.
Package pdftexcmds Info: \pdf@ifprimitive is available.
Package pdftexcmds Info: \pdfdraftmode found.
)
(/usr/share/texmf-dist/tex/latex/oberdiek/epstopdf-base.sty
Package: epstopdf-base 2010/02/09 v2.5 Base part for package epstopdf

(/usr/share/texmf-dist/tex/latex/oberdiek/grfext.sty
Package: grfext 2010/08/19 v1.1 Manage graphics extensions (HO)

(/usr/share/texmf-dist/tex/generic/oberdiek/kvdefinekeys.sty
Package: kvdefinekeys 2011/04/07 v1.3 Define keys (HO)
))
(/usr/share/texmf-dist/tex/latex/oberdiek/kvoptions.sty
Package: kvoptions 2011/06/30 v3.11 Key value format for package options (HO)

(/usr/share/texmf-dist/tex/generic/oberdiek/kvsetkeys.sty
Package: kvsetkeys 2012/04/25 v1.16 Key value parser (HO)

(/usr/share/texmf-dist/tex/generic/oberdiek/etexcmds.sty
Package: etexcmds 2011/02/16 v1.5 Avoid name clashes with e-TeX commands (HO)
Package etexcmds Info: Could not find \expanded.
(etexcmds)             That can mean that you are not using pdfTeX 1.50 or
(etexcmds)             that some package has redefined \expanded.
(etexcmds)             In the latter case, load this package earlier.
)))
Package grfext Info: Graphics extension search list:
(grfext)             [.png,.pdf,.jpg,.mps,.jpeg,.jbig2,.jb2,.PNG,.PDF,.JPG,.JPE
G,.JBIG2,.JB2,.eps]
(grfext)             \AppendGraphicsExtensions on input line 452.

(/usr/share/texmf-dist/tex/latex/latexconfig/epstopdf-sys.cfg
File: epstopdf-sys.cfg 2010/07/13 v1.3 Configuration of (r)epstopdf for TeX Liv
e
))
Package caption Info: Begin \AtBeginDocument code.
Package caption Info: End \AtBeginDocument code.
LaTeX Info: Redefining \it@ocap on input line 19.
LaTeX Info: Redefining \it@ccap on input line 19.

<front_page.pdf, id=1, 597.23125pt x 845.1575pt>
File: front_page.pdf Graphic file (type pdf)
 <use front_page.pdf>
Package pdftex.def Info: front_page.pdf used on input line 20.
(pdftex.def)             Requested size: 337.86412pt x 478.12099pt.

Overfull \hbox (7.86412pt too wide) in paragraph at lines 20--20
[][] 
 []

[1

{/var/lib/texmf/fonts/map/pdftex/updmap/pdftex.map} <./front_page.pdf>]
\openout2 = `ass1.aux'.


(./ass1.tex <circuit.png, id=20, 178.41656pt x 108.405pt>
File: circuit.png Graphic file (type png)
 <use circuit.png>
Package pdftex.def Info: circuit.png used on input line 15.
(pdftex.def)             Requested size: 216.81pt x 131.73946pt.

[2

 <./circuit.png>] <fitted_r_curve.pdf, id=30, 546.04pt x 556.0775pt>
File: fitted_r_curve.pdf Graphic file (type pdf)

<use fitted_r_curve.pdf>
Package pdftex.def Info: fitted_r_curve.pdf used on input line 53.
(pdftex.def)             Requested size: 216.81pt x 220.79793pt.
Package epstopdf Info: Source file: <fitted_vsoc_curve.eps>
(epstopdf)                    date: 2015-02-13 01:08:12
(epstopdf)                    size: 13695 bytes
(epstopdf)             Output file: <fitted_vsoc_curve-eps-converted-to.pdf>
(epstopdf)                    date: 2015-02-13 01:10:56
(epstopdf)                    size: 14306 bytes
(epstopdf)             Command: <repstopdf --outfile=fitted_vsoc_curve-eps-conv
erted-to.pdf fitted_vsoc_curve.eps>
(epstopdf)             \includegraphics on input line 60.
Package epstopdf Info: Output file is already uptodate.

<fitted_vsoc_curve-eps-converted-to.pdf, id=31, 546.04pt x 556.0775pt>
File: fitted_vsoc_curve-eps-converted-to.pdf Graphic file (type pdf)

<use fitted_vsoc_curve-eps-converted-to.pdf>
Package pdftex.def Info: fitted_vsoc_curve-eps-converted-to.pdf used on input l
ine 60.
(pdftex.def)             Requested size: 289.07999pt x 294.39723pt.


LaTeX Warning: `h' float specifier changed to `ht'.

) [3 <./fitted_r_curve.pdf>] [4 <./fitted_vsoc_curve-eps-converted-to.pdf>]
\openout2 = `ass2.aux'.


(./ass2.tex
Package epstopdf Info: Source file: <uniform.eps>
(epstopdf)                    date: 2015-02-13 01:08:13
(epstopdf)                    size: 13153 bytes
(epstopdf)             Output file: <uniform-eps-converted-to.pdf>
(epstopdf)                    date: 2015-02-13 01:10:56
(epstopdf)                    size: 6321 bytes
(epstopdf)             Command: <repstopdf --outfile=uniform-eps-converted-to.p
df uniform.eps>
(epstopdf)             \includegraphics on input line 17.
Package epstopdf Info: Output file is already uptodate.
 <uniform-eps-converted-to.pdf, id=57, 546.04pt x 556.0775pt>
File: uniform-eps-converted-to.pdf Graphic file (type pdf)

<use uniform-eps-converted-to.pdf>
Package pdftex.def Info: uniform-eps-converted-to.pdf used on input line 17.
(pdftex.def)             Requested size: 108.405pt x 110.39896pt.
Package epstopdf Info: Source file: <constant.eps>
(epstopdf)                    date: 2015-02-13 01:08:12
(epstopdf)                    size: 12411 bytes
(epstopdf)             Output file: <constant-eps-converted-to.pdf>
(epstopdf)                    date: 2015-02-13 01:10:57
(epstopdf)                    size: 5976 bytes
(epstopdf)             Command: <repstopdf --outfile=constant-eps-converted-to.
pdf constant.eps>
(epstopdf)             \includegraphics on input line 21.
Package epstopdf Info: Output file is already uptodate.

<constant-eps-converted-to.pdf, id=58, 546.04pt x 556.0775pt>
File: constant-eps-converted-to.pdf Graphic file (type pdf)

<use constant-eps-converted-to.pdf>
Package pdftex.def Info: constant-eps-converted-to.pdf used on input line 21.
(pdftex.def)             Requested size: 108.405pt x 110.39896pt.
Package epstopdf Info: Source file: <bimodal.eps>
(epstopdf)                    date: 2015-02-13 01:08:12
(epstopdf)                    size: 13063 bytes
(epstopdf)             Output file: <bimodal-eps-converted-to.pdf>
(epstopdf)                    date: 2015-02-13 01:10:57
(epstopdf)                    size: 6381 bytes
(epstopdf)             Command: <repstopdf --outfile=bimodal-eps-converted-to.p
df bimodal.eps>
(epstopdf)             \includegraphics on input line 26.
Package epstopdf Info: Output file is already uptodate.

<bimodal-eps-converted-to.pdf, id=59, 546.04pt x 556.0775pt>
File: bimodal-eps-converted-to.pdf Graphic file (type pdf)

<use bimodal-eps-converted-to.pdf>
Package pdftex.def Info: bimodal-eps-converted-to.pdf used on input line 26.
(pdftex.def)             Requested size: 108.405pt x 110.39896pt.
) [5


 <./uniform-eps-converted-to.pdf> <./constant-eps-converted-to.pdf> <./bimodal-
eps-converted-to.pdf>]
\openout2 = `ass3.aux'.

 (./ass3.tex
Package epstopdf Info: Source file: <fitted_eta.eps>
(epstopdf)                    date: 2015-02-13 02:07:47
(epstopdf)                    size: 23205 bytes
(epstopdf)             Output file: <fitted_eta-eps-converted-to.pdf>
(epstopdf)                    date: 2015-02-13 02:08:04
(epstopdf)                    size: 15032 bytes
(epstopdf)             Command: <repstopdf --outfile=fitted_eta-eps-converted-t
o.pdf fitted_eta.eps>
(epstopdf)             \includegraphics on input line 36.
Package epstopdf Info: Output file is already uptodate.

<fitted_eta-eps-converted-to.pdf, id=81, 546.04pt x 556.0775pt>
File: fitted_eta-eps-converted-to.pdf Graphic file (type pdf)

<use fitted_eta-eps-converted-to.pdf>
Package pdftex.def Info: fitted_eta-eps-converted-to.pdf used on input line 36.

(pdftex.def)             Requested size: 180.67499pt x 183.99828pt.


LaTeX Warning: `h' float specifier changed to `ht'.

<ploss.pdf, id=82, 546.04pt x 556.0775pt>
File: ploss.pdf Graphic file (type pdf)
 <use ploss.pdf>
Package pdftex.def Info: ploss.pdf used on input line 41.
(pdftex.def)             Requested size: 180.67499pt x 183.99828pt.


LaTeX Warning: `h' float specifier changed to `ht'.

) [6


] [7 <./fitted_eta-eps-converted-to.pdf> <./ploss.pdf>]
\openout2 = `ass4.aux'.

 (./ass4.tex
Package epstopdf Info: Source file: <power_irradiance_current.eps>
(epstopdf)                    date: 2015-02-13 01:08:13
(epstopdf)                    size: 1785760 bytes
(epstopdf)             Output file: <power_irradiance_current-eps-converted-to.
pdf>
(epstopdf)             Command: <repstopdf --outfile=power_irradiance_current-e
ps-converted-to.pdf power_irradiance_current.eps>
(epstopdf)             \includegraphics on input line 12.
runsystem(repstopdf --outfile=power_irradiance_current-eps-converted-to.pdf pow
er_irradiance_current.eps)...executed safely (allowed).

Package epstopdf Info: Result file: <power_irradiance_current-eps-converted-to.
pdf>
(epstopdf)                    date: 2015-02-13 02:33:56
(epstopdf)                    size: 285626 bytes.

<power_irradiance_current-eps-converted-to.pdf, id=108, 546.04pt x 556.0775pt>
File: power_irradiance_current-eps-converted-to.pdf Graphic file (type pdf)

<use power_irradiance_current-eps-converted-to.pdf>
Package pdftex.def Info: power_irradiance_current-eps-converted-to.pdf used on 
input line 12.
(pdftex.def)             Requested size: 361.34999pt x 367.99655pt.

Overfull \hbox (16.34999pt too wide) in paragraph at lines 12--13
 [][] 
 []


LaTeX Warning: `h' float specifier changed to `ht'.

) [8


] [9 <./power_irradiance_current-eps-converted-to.pdf>] (./report_lab4.aux
(./ass1.aux) (./ass2.aux) (./ass3.aux) (./ass4.aux)) ) 
Here is how much of TeX's memory you used:
 4343 strings out of 493108
 60857 string characters out of 6140726
 136209 words of memory out of 5000000
 7712 multiletter control sequences out of 15000+600000
 7862 words of font info for 21 fonts, out of 8000000 for 9000
 1141 hyphenation exceptions out of 8191
 38i,9n,39p,792b,339s stack positions out of 5000i,500n,10000p,200000b,80000s
{/usr/share/texmf-dist/fo
nts/enc/dvips/cm-super/cm-super-t1.enc}</usr/share/texmf-dist/fonts/type1/publi
c/amsfonts/cm/cmex10.pfb></usr/share/texmf-dist/fonts/type1/public/amsfonts/cm/
cmmi10.pfb></usr/share/texmf-dist/fonts/type1/public/amsfonts/cm/cmmi5.pfb></us
r/share/texmf-dist/fonts/type1/public/amsfonts/cm/cmmi7.pfb></usr/share/texmf-d
ist/fonts/type1/public/amsfonts/cm/cmr10.pfb></usr/share/texmf-dist/fonts/type1
/public/amsfonts/cm/cmr5.pfb></usr/share/texmf-dist/fonts/type1/public/amsfonts
/cm/cmr7.pfb></usr/share/texmf-dist/fonts/type1/public/amsfonts/cm/cmsy10.pfb><
/usr/share/texmf-dist/fonts/type1/public/cm-super/sfbx1000.pfb></usr/share/texm
f-dist/fonts/type1/public/cm-super/sfbx1440.pfb></usr/share/texmf-dist/fonts/ty
pe1/public/cm-super/sfrm1000.pfb></usr/share/texmf-dist/fonts/type1/public/cm-s
uper/sfti1000.pfb>
Output written on report_lab4.pdf (9 pages, 519638 bytes).
PDF statistics:
 161 PDF objects out of 1000 (max. 8388607)
 110 compressed objects within 2 object streams
 0 named destinations out of 1000 (max. 500000)
 51 words of extra memory for PDF output out of 10000 (max. 10000000)

